<?xml version="1.0" encoding="UTF-8"?>
<testsuite name="com.example.javamavenjunithelloworld.HelloAppTest" time="0.009" tests="1" errors="1" skipped="0" failures="0">
  <properties>
    <property name="java.runtime.name" value="Java(TM) SE Runtime Environment"/>
    <property name="java.vm.version" value="9.0.1+11"/>
    <property name="sun.boot.library.path" value="/Library/Java/JavaVirtualMachines/jdk-9.0.1.jdk/Contents/Home/lib"/>
    <property name="gopherProxySet" value="false"/>
    <property name="maven.multiModuleProjectDirectory" value="/Users/Samp/Desktop/java-maven-junit-helloworld"/>
    <property name="java.vm.vendor" value="Oracle Corporation"/>
    <property name="java.vendor.url" value="http://java.oracle.com/"/>
    <property name="guice.disable.misplaced.annotation.check" value="true"/>
    <property name="path.separator" value=":"/>
    <property name="java.vm.name" value="Java HotSpot(TM) 64-Bit Server VM"/>
    <property name="file.encoding.pkg" value="sun.io"/>
    <property name="sun.os.patch.level" value="unknown"/>
    <property name="user.country" value="US"/>
    <property name="sun.java.launcher" value="SUN_STANDARD"/>
    <property name="java.vm.specification.name" value="Java Virtual Machine Specification"/>
    <property name="user.dir" value="/Users/Samp/Desktop/java-maven-junit-helloworld"/>
    <property name="java.vm.compressedOopsMode" value="Zero based"/>
    <property name="java.runtime.version" value="9.0.1+11"/>
    <property name="java.awt.graphicsenv" value="sun.awt.CGraphicsEnvironment"/>
    <property name="os.arch" value="x86_64"/>
    <property name="java.io.tmpdir" value="/var/folders/9k/qk29jr5s68312tqtlw7sv4440000gp/T/"/>
    <property name="line.separator" value="&#10;"/>
    <property name="java.vm.specification.vendor" value="Oracle Corporation"/>
    <property name="os.name" value="Mac OS X"/>
    <property name="classworlds.conf" value="/Users/Samp/Downloads/apache-maven-3.5.2/bin/m2.conf"/>
    <property name="sun.jnu.encoding" value="UTF-8"/>
    <property name="java.library.path" value="/Users/Samp/Library/Java/Extensions:/Library/Java/Extensions:/Network/Library/Java/Extensions:/System/Library/Java/Extensions:/usr/lib/java:."/>
    <property name="maven.conf" value="/Users/Samp/Downloads/apache-maven-3.5.2/conf"/>
    <property name="jdk.debug" value="release"/>
    <property name="java.class.version" value="53.0"/>
    <property name="java.specification.name" value="Java Platform API Specification"/>
    <property name="sun.management.compiler" value="HotSpot 64-Bit Tiered Compilers"/>
    <property name="os.version" value="10.13.1"/>
    <property name="library.jansi.path" value="/Users/Samp/Downloads/apache-maven-3.5.2/lib/jansi-native"/>
    <property name="http.nonProxyHosts" value="local|*.local|169.254/16|*.169.254/16"/>
    <property name="user.home" value="/Users/Samp"/>
    <property name="user.timezone" value="America/New_York"/>
    <property name="java.awt.printerjob" value="sun.lwawt.macosx.CPrinterJob"/>
    <property name="file.encoding" value="UTF-8"/>
    <property name="java.specification.version" value="9"/>
    <property name="user.name" value="Samp"/>
    <property name="java.class.path" value="/Users/Samp/Downloads/apache-maven-3.5.2/boot/plexus-classworlds-2.5.2.jar"/>
    <property name="java.vm.specification.version" value="9"/>
    <property name="sun.arch.data.model" value="64"/>
    <property name="sun.java.command" value="org.codehaus.plexus.classworlds.launcher.Launcher install"/>
    <property name="java.home" value="/Library/Java/JavaVirtualMachines/jdk-9.0.1.jdk/Contents/Home"/>
    <property name="user.language" value="en"/>
    <property name="java.specification.vendor" value="Oracle Corporation"/>
    <property name="awt.toolkit" value="sun.lwawt.macosx.LWCToolkit"/>
    <property name="java.vm.info" value="mixed mode"/>
    <property name="java.version" value="9.0.1"/>
    <property name="java.vendor" value="Oracle Corporation"/>
    <property name="maven.home" value="/Users/Samp/Downloads/apache-maven-3.5.2"/>
    <property name="file.separator" value="/"/>
    <property name="java.vendor.url.bug" value="http://bugreport.java.com/bugreport/"/>
    <property name="sun.io.unicode.encoding" value="UnicodeBig"/>
    <property name="sun.cpu.endian" value="little"/>
    <property name="socksNonProxyHosts" value="local|*.local|169.254/16|*.169.254/16"/>
    <property name="ftp.nonProxyHosts" value="local|*.local|169.254/16|*.169.254/16"/>
    <property name="sun.cpu.isalist" value=""/>
  </properties>
  <testcase name="initializationError" classname="com.example.javamavenjunithelloworld.HelloAppTest" time="0.009">
    <error message="class jdk.internal.reflect.ConstructorAccessorImpl loaded by org/powermock/core/classloader/MockClassLoader cannot access jdk/internal/reflect superclass jdk.internal.reflect.MagicAccessorImpl" type="java.lang.IllegalAccessError"><![CDATA[java.lang.IllegalAccessError: class jdk.internal.reflect.ConstructorAccessorImpl loaded by org/powermock/core/classloader/MockClassLoader cannot access jdk/internal/reflect superclass jdk.internal.reflect.MagicAccessorImpl
	at java.base/java.lang.ClassLoader.defineClass1(Native Method)
	at java.base/java.lang.ClassLoader.defineClass(ClassLoader.java:1007)
	at java.base/java.lang.ClassLoader.defineClass(ClassLoader.java:868)
	at org.powermock.core.classloader.MockClassLoader.loadUnmockedClass(MockClassLoader.java:201)
	at org.powermock.core.classloader.MockClassLoader.loadModifiedClass(MockClassLoader.java:149)
	at org.powermock.core.classloader.DeferSupportingClassLoader.loadClass(DeferSupportingClassLoader.java:67)
	at java.base/java.lang.ClassLoader.loadClass(ClassLoader.java:496)
	at java.base/java.lang.ClassLoader.defineClass1(Native Method)
	at java.base/java.lang.ClassLoader.defineClass(ClassLoader.java:1007)
	at java.base/java.lang.ClassLoader.defineClass(ClassLoader.java:868)
	at org.powermock.core.classloader.MockClassLoader.loadUnmockedClass(MockClassLoader.java:201)
	at org.powermock.core.classloader.MockClassLoader.loadModifiedClass(MockClassLoader.java:149)
	at org.powermock.core.classloader.DeferSupportingClassLoader.loadClass(DeferSupportingClassLoader.java:67)
	at java.base/java.lang.ClassLoader.loadClass(ClassLoader.java:496)
	at java.base/jdk.internal.misc.Unsafe.defineClass0(Native Method)
	at java.base/jdk.internal.misc.Unsafe.defineClass(Unsafe.java:1173)
	at java.base/jdk.internal.reflect.ClassDefiner.defineClass(ClassDefiner.java:63)
	at java.base/jdk.internal.reflect.MethodAccessorGenerator$1.run(MethodAccessorGenerator.java:400)
	at java.base/jdk.internal.reflect.MethodAccessorGenerator$1.run(MethodAccessorGenerator.java:394)
	at java.base/java.security.AccessController.doPrivileged(Native Method)
	at java.base/jdk.internal.reflect.MethodAccessorGenerator.generate(MethodAccessorGenerator.java:393)
	at java.base/jdk.internal.reflect.MethodAccessorGenerator.generateSerializationConstructor(MethodAccessorGenerator.java:112)
	at java.base/jdk.internal.reflect.ReflectionFactory.generateConstructor(ReflectionFactory.java:434)
	at java.base/jdk.internal.reflect.ReflectionFactory.newConstructorForSerialization(ReflectionFactory.java:404)
	at jdk.unsupported/sun.reflect.ReflectionFactory.newConstructorForSerialization(ReflectionFactory.java:103)
	at org.objenesis.instantiator.sun.SunReflectionFactoryInstantiator.<init>(SunReflectionFactoryInstantiator.java:49)
	at org.objenesis.strategy.StdInstantiatorStrategy.newInstantiatorOf(StdInstantiatorStrategy.java:85)
	at org.objenesis.ObjenesisBase.getInstantiatorOf(ObjenesisBase.java:90)
	at org.powermock.reflect.internal.WhiteboxImpl.newInstance(WhiteboxImpl.java:228)
	at org.powermock.reflect.Whitebox.newInstance(Whitebox.java:139)
	at org.powermock.tests.utils.impl.AbstractTestSuiteChunkerImpl.registerProxyframework(AbstractTestSuiteChunkerImpl.java:154)
	at org.powermock.tests.utils.impl.AbstractTestSuiteChunkerImpl.chunkClass(AbstractTestSuiteChunkerImpl.java:173)
	at org.powermock.tests.utils.impl.AbstractTestSuiteChunkerImpl.<init>(AbstractTestSuiteChunkerImpl.java:92)
	at org.powermock.tests.utils.impl.AbstractTestSuiteChunkerImpl.<init>(AbstractTestSuiteChunkerImpl.java:85)
	at org.powermock.modules.junit4.common.internal.impl.JUnit4TestSuiteChunkerImpl.<init>(JUnit4TestSuiteChunkerImpl.java:47)
	at org.powermock.modules.junit4.common.internal.impl.AbstractCommonPowerMockRunner.<init>(AbstractCommonPowerMockRunner.java:32)
	at org.powermock.modules.junit4.PowerMockRunner.<init>(PowerMockRunner.java:33)
	at java.base/jdk.internal.reflect.NativeConstructorAccessorImpl.newInstance0(Native Method)
	at java.base/jdk.internal.reflect.NativeConstructorAccessorImpl.newInstance(NativeConstructorAccessorImpl.java:62)
	at java.base/jdk.internal.reflect.DelegatingConstructorAccessorImpl.newInstance(DelegatingConstructorAccessorImpl.java:45)
	at java.base/java.lang.reflect.Constructor.newInstance(Constructor.java:488)
	at org.junit.internal.builders.AnnotatedBuilder.buildRunner(AnnotatedBuilder.java:29)
	at org.junit.internal.builders.AnnotatedBuilder.runnerForClass(AnnotatedBuilder.java:21)
	at org.junit.runners.model.RunnerBuilder.safeRunnerForClass(RunnerBuilder.java:59)
	at org.junit.internal.builders.AllDefaultPossibilitiesBuilder.runnerForClass(AllDefaultPossibilitiesBuilder.java:26)
	at org.junit.runners.model.RunnerBuilder.safeRunnerForClass(RunnerBuilder.java:59)
	at org.junit.internal.requests.ClassRequest.getRunner(ClassRequest.java:26)
	at org.apache.maven.surefire.junit4.JUnit4Provider.execute(JUnit4Provider.java:262)
	at org.apache.maven.surefire.junit4.JUnit4Provider.executeTestSet(JUnit4Provider.java:153)
	at org.apache.maven.surefire.junit4.JUnit4Provider.invoke(JUnit4Provider.java:124)
	at org.apache.maven.surefire.booter.ForkedBooter.invokeProviderInSameClassLoader(ForkedBooter.java:200)
	at org.apache.maven.surefire.booter.ForkedBooter.runSuitesInProcess(ForkedBooter.java:153)
	at org.apache.maven.surefire.booter.ForkedBooter.main(ForkedBooter.java:103)
]]></error>
  </testcase>
</testsuite>